[2026-05-03 10:53:00] TEXT | chars=46 fields=3
[2026-05-03 11:05:39] TEXT | chars=42 fields=2
[2026-05-03 11:44:16] FILE | name=cybersecurity_dataset (1).csv
[2026-05-03 11:44:23] FILE | name=cybersecurity_dataset (1).csv
[2026-05-03 11:44:24] DATASET | rows=200 masked=2000
[2026-05-03 11:45:12] FILE | name=cybersecurity_dataset (1).csv
[2026-05-03 22:03:01] TEXT | chars=38 fields=2
[2026-05-03 22:04:22] TEXT | chars=134 fields=5
[2026-05-03 22:04:40] TEXT | chars=134 fields=5
[2026-05-03 22:05:13] TEXT | chars=134 fields=5
[2026-05-03 22:05:53] TEXT | chars=134 fields=5
[2026-05-03 22:06:17] TEXT | chars=134 fields=5
[2026-05-03 22:07:24] FILE | name=cybersecurity_dataset (1).csv
[2026-05-03 22:07:27] FILE | name=cybersecurity_dataset (1).csv
[2026-05-03 22:07:40] FILE | name=cybersecurity_dataset (1).csv
[2026-05-03 22:07:46] FILE | name=cybersecurity_dataset (1).csv
[2026-05-03 22:07:48] FILE | name=cybersecurity_dataset (1).csv
[2026-05-03 22:07:49] FILE | name=cybersecurity_dataset (1).csv
[2026-05-03 22:07:50] FILE | name=cybersecurity_dataset (1).csv
[2026-05-03 22:08:14] FILE | name=cybersecurity_dataset.json
[2026-05-03 22:08:17] FILE | name=cybersecurity_dataset.json
[2026-05-03 22:08:18] DATASET | rows=200 masked=3200
[2026-05-03 22:08:47] FILE | name=cybersecurity_dataset.json
[2026-05-03 22:08:50] FILE | name=cybersecurity_dataset.json
[2026-05-03 22:08:51] DATASET | rows=200 masked=3200
[2026-05-03 22:12:17] FILE | name=cybersecurity_dataset (1).csv
[2026-05-03 22:12:30] FILE | name=cybersecurity_dataset (1).csv
[2026-05-03 22:32:33] TEXT | chars=134 fields=5
[2026-05-03 22:33:17] FILE | name=cybersecurity_dataset.json
[2026-05-03 22:33:24] FILE | name=cybersecurity_dataset.json
[2026-05-03 22:33:26] DATASET | rows=200 masked=3200
[2026-05-03 22:33:34] FILE | name=cybersecurity_dataset.json
[2026-05-03 22:52:32] TEXT | chars=142 fields=6
[2026-05-03 23:00:13] TEXT | chars=34 fields=2
[2026-05-03 23:00:43] TEXT | chars=132 fields=8
[2026-05-03 23:04:30] FILE | name=cybersecurity_dataset (1).csv
[2026-05-03 23:04:37] FILE | name=cybersecurity_dataset (1).csv
[2026-05-03 23:04:55] FILE | name=cybersecurity_dataset.json
[2026-05-03 23:04:58] FILE | name=cybersecurity_dataset.json
[2026-05-03 23:05:04] FILE | name=cybersecurity_dataset.json
[2026-05-03 23:05:06] FILE | name=cybersecurity_dataset.json
[2026-05-03 23:05:06] FILE | name=cybersecurity_dataset.json
[2026-05-03 23:07:31] FILE | name=cybersecurity_dataset.json
[2026-05-03 23:07:34] FILE | name=cybersecurity_dataset.json
[2026-05-03 23:16:22] FILE | name=cybersecurity_dataset.csv
[2026-05-03 23:16:26] FILE | name=cybersecurity_dataset.csv
[2026-05-03 23:20:22] FILE | name=cybersecurity_dataset (1).csv
[2026-05-03 23:20:40] FILE | name=cybersecurity_dataset (1).csv
[2026-05-03 23:20:42] DATASET | rows=200 masked=5000
[2026-05-03 23:42:34] FILE | name=cybersecurity_dataset (1).csv
[2026-05-03 23:42:38] FILE | name=cybersecurity_dataset (1).csv
[2026-05-03 23:42:41] DATASET | rows=200 masked=5000
[2026-05-03 23:43:55] FILE | name=cybersecurity_dataset (1).csv
[2026-05-03 23:43:55] DOC | name=cybersecurity_incident_report.pdf
[2026-05-03 23:44:08] FILE | name=cybersecurity_dataset (1).csv
[2026-05-03 23:44:08] DOC | name=cybersecurity_incident_report.pdf
[2026-05-03 23:44:08] DOC_MASKED | fields=48
